<?xml version="1.0" encoding="UTF-8"?>
<!-- Generated by org.testng.reporters.JUnitXMLReporter -->
<testsuite ignored="0" hostname="AFZAL" failures="1" tests="1" name="Test" time="10.889" errors="0" timestamp="2025-01-08T00:26:25 IST">
  <testcase classname="TestCases.TC003_SearchBar" name="TestSearch" time="6.202">
    <failure type="java.lang.AssertionError" message="expected [Esprit Ruffle Shirt] but found [Esprit RuffleShirt]">
      <![CDATA[java.lang.AssertionError: expected [Esprit Ruffle Shirt] but found [Esprit RuffleShirt]
at TestCases.TC003_SearchBar.TestSearch(TC003_SearchBar.java:31)
at java.base/java.util.ArrayList.forEach(ArrayList.java:1511)
... Removed 33 stack frames]]>
    </failure>
  </testcase> <!-- TestSearch -->
</testsuite> <!-- Test -->
